2023/12/23 10:59:55 [INFO] 启动主程序
2023/12/23 11:00:55 [INFO] 启动主程序
2023/12/23 11:12:24 [INFO] 启动主程序
2023/12/23 11:12:24 [ERROR] Docker 不在运行，请先启动 Docker!
2023/12/23 11:21:15 [INFO] 启动主程序
2023/12/23 11:21:15 [ERROR] Docker 不在运行，请先启动 Docker! 
请参考 https://docs.docker.com/engine/install/ 安装 Docker。
2023/12/23 11:38:00 [INFO] 启动主程序
2023/12/23 11:38:00 [INFO] Docker 版本:24.0.6
Docker Compose 版本:v2.21.0-desktop.1
2023/12/23 11:45:23 [INFO] 启动主程序
2023/12/23 11:45:23 [INFO] Docker 版本:24.0.6
Docker Compose 版本:v2.21.0-desktop.1
2023/12/23 11:45:40 [INFO] 启动主程序
2023/12/23 11:45:40 [INFO] Docker 版本:24.0.6
Docker Compose 版本:v2.21.0-desktop.1
2023/12/23 11:46:07 [INFO] 启动主程序
2023/12/23 11:46:07 [INFO] Docker 版本:24.0.6
Docker Compose 版本:v2.21.0-desktop.1
2023/12/23 11:58:13 [INFO] 启动主程序
2023/12/23 11:58:14 [INFO] Docker 版本:24.0.6
Docker Compose 版本:v2.21.0-desktop.1
2023/12/23 11:59:31 [INFO] 启动主程序
2023/12/23 11:59:31 [INFO] Docker 版本:24.0.6
Docker Compose 版本:v2.21.0-desktop.1
2023/12/23 11:59:45 [INFO] 启动主程序
2023/12/23 11:59:45 [INFO] Docker 版本:24.0.6
Docker Compose 版本:v2.21.0-desktop.1
2023/12/23 12:00:13 [INFO] 启动主程序
2023/12/23 12:00:13 [INFO] Docker 版本:24.0.6
Docker Compose 版本:v2.21.0-desktop.1
2023/12/23 12:07:41 [INFO] 启动主程序
2023/12/23 12:07:41 [INFO] Docker 版本:24.0.6
Docker Compose 版本:v2.21.0-desktop.1
2023/12/23 12:10:56 [INFO] 启动主程序
2023/12/23 12:10:56 [INFO] Docker 版本:24.0.6
Docker Compose 版本:v2.21.0-desktop.1
2023/12/23 12:11:05 [INFO] 启动主程序
2023/12/23 12:11:05 [INFO] Docker 版本:24.0.6
Docker Compose 版本:v2.21.0-desktop.1
2023/12/23 12:11:35 [INFO] 启动主程序
2023/12/23 12:11:35 [INFO] Docker 版本:24.0.6
Docker Compose 版本:v2.21.0-desktop.1
2023/12/23 12:12:37 [INFO] 启动主程序
2023/12/23 12:12:37 [INFO] Docker 版本:24.0.6
Docker Compose 版本:v2.21.0-desktop.1
2023/12/23 12:12:58 [INFO] 启动主程序
2023/12/23 12:12:58 [INFO] Docker 版本:24.0.6
Docker Compose 版本:v2.21.0-desktop.1
2023/12/23 12:13:51 [INFO] 启动主程序
2023/12/23 12:13:51 [INFO] Docker 版本:24.0.6
Docker Compose 版本:v2.21.0-desktop.1
2023/12/23 13:49:02 [INFO] 启动主程序
2023/12/23 13:49:02 [INFO] Docker 版本:24.0.6
Docker Compose 版本:v2.21.0-desktop.1
2023/12/23 13:49:53 [INFO] 启动主程序
2023/12/23 13:49:53 [INFO] Docker 版本:24.0.6
Docker Compose 版本:v2.21.0-desktop.1
2023/12/23 13:50:19 [INFO] 启动主程序
2023/12/23 13:50:19 [INFO] Docker 版本:24.0.6
Docker Compose 版本:v2.21.0-desktop.1
2023/12/23 13:50:34 [INFO] 启动主程序
2023/12/23 13:50:34 [INFO] Docker 版本:24.0.6
Docker Compose 版本:v2.21.0-desktop.1
2023/12/23 13:51:02 [INFO] 启动主程序
2023/12/23 13:51:02 [INFO] Docker 版本:24.0.6
Docker Compose 版本:v2.21.0-desktop.1
2023/12/23 13:51:16 [INFO] 启动主程序
2023/12/23 13:51:16 [INFO] Docker 版本:24.0.6
Docker Compose 版本:v2.21.0-desktop.1
2023/12/23 13:51:24 [INFO] 启动主程序
2023/12/23 13:51:25 [INFO] Docker 版本:24.0.6
Docker Compose 版本:v2.21.0-desktop.1
2023/12/23 13:51:32 [INFO] 启动主程序
2023/12/23 13:51:32 [INFO] Docker 版本:24.0.6
Docker Compose 版本:v2.21.0-desktop.1
2023/12/23 13:51:41 [INFO] 启动主程序
2023/12/23 13:51:41 [INFO] Docker 版本:24.0.6
Docker Compose 版本:v2.21.0-desktop.1
2023/12/23 13:56:46 [INFO] 启动主程序
2023/12/23 13:56:47 [INFO] Docker 版本:24.0.6
Docker Compose 版本:v2.21.0-desktop.1
2023/12/23 13:57:09 [INFO] 启动主程序
2023/12/23 13:57:10 [INFO] Docker 版本:24.0.6
Docker Compose 版本:v2.21.0-desktop.1
2023/12/23 13:58:56 [INFO] 启动主程序
2023/12/23 13:58:56 [INFO] Docker 版本:24.0.6
Docker Compose 版本:v2.21.0-desktop.1
2023/12/23 14:01:12 [INFO] 启动主程序
2023/12/23 14:01:13 [INFO] Docker 版本:24.0.6
Docker Compose 版本:v2.21.0-desktop.1
2023/12/23 14:01:39 [INFO] 启动主程序
2023/12/23 14:01:39 [INFO] Docker 版本:24.0.6
Docker Compose 版本:v2.21.0-desktop.1
2023/12/23 14:04:57 [INFO] 启动主程序
2023/12/23 14:04:58 [INFO] Docker 版本:24.0.6
Docker Compose 版本:v2.21.0-desktop.1
2023/12/23 14:05:41 [INFO] 启动主程序
2023/12/23 14:05:41 [INFO] Docker 版本:24.0.6
Docker Compose 版本:v2.21.0-desktop.1
2023/12/23 14:08:25 [INFO] 启动主程序
2023/12/23 14:08:26 [INFO] Docker 版本:24.0.6
Docker Compose 版本:v2.21.0-desktop.1
2023/12/23 14:18:28 [INFO] 启动主程序
2023/12/23 14:18:28 [INFO] Docker 版本:24.0.6
Docker Compose 版本:v2.21.0-desktop.1
2023/12/23 14:21:20 [INFO] 启动主程序
2023/12/23 14:21:20 [ERROR] Docker 不在运行，请先启动 Docker! 
请参考 https://docs.docker.com/engine/install/ 安装 Docker。
2023/12/23 14:23:54 [INFO] 启动主程序
2023/12/23 14:23:54 [ERROR] Docker 不在运行，请先启动 Docker! 
请参考 https://docs.docker.com/engine/install/ 安装 Docker。
2023/12/23 14:24:12 [INFO] 启动主程序
2023/12/23 14:24:12 [ERROR] Docker 不在运行，请先启动 Docker! 
请参考 https://docs.docker.com/engine/install/ 安装 Docker。
2023/12/23 14:25:29 [INFO] 启动主程序
2023/12/23 14:25:29 [ERROR] Docker 不在运行，请先启动 Docker! 
请参考 https://docs.docker.com/engine/install/ 安装 Docker。
2023/12/23 22:22:31 [INFO] 启动主程序
2023/12/23 22:22:31 [ERROR] Docker 不在运行，请先启动 Docker! 
请参考 https://docs.docker.com/engine/install/ 安装 Docker。
2023/12/23 22:24:48 [INFO] 启动主程序
2023/12/23 22:24:48 [ERROR] Docker 不在运行，请先启动 Docker! 
请参考 https://docs.docker.com/engine/install/ 安装 Docker。
2023/12/23 22:25:00 [INFO] 启动主程序
2023/12/23 22:25:00 [ERROR] Docker 不在运行，请先启动 Docker! 
请参考 https://docs.docker.com/engine/install/ 安装 Docker。
2023/12/23 22:26:46 [INFO] 启动主程序
2023/12/23 22:26:46 [ERROR] Docker 不在运行，请先启动 Docker! 
请参考 https://docs.docker.com/engine/install/ 安装 Docker。
2023/12/23 22:27:43 [INFO] 启动主程序
2023/12/23 22:27:43 [ERROR] Docker 不在运行，请先启动 Docker! 
请参考 https://docs.docker.com/engine/install/ 安装 Docker。
2023/12/23 22:28:32 [INFO] 启动主程序
2023/12/23 22:28:32 [ERROR] Docker 不在运行，请先启动 Docker! 
请参考 https://docs.docker.com/engine/install/ 安装 Docker。
2023/12/23 22:29:16 [INFO] 启动主程序
2023/12/23 22:29:16 [ERROR] Docker 不在运行，请先启动 Docker! 
请参考 https://docs.docker.com/engine/install/ 安装 Docker。
2023/12/23 22:29:28 [INFO] 启动主程序
2023/12/23 22:29:29 [ERROR] Docker 不在运行，请先启动 Docker! 
请参考 https://docs.docker.com/engine/install/ 安装 Docker。
2023/12/23 22:29:48 [INFO] 启动主程序
2023/12/23 22:29:49 [ERROR] Docker 不在运行，请先启动 Docker! 
请参考 https://docs.docker.com/engine/install/ 安装 Docker。
2023/12/23 22:29:53 [INFO] 启动主程序
2023/12/23 22:29:53 [ERROR] Docker 不在运行，请先启动 Docker! 
请参考 https://docs.docker.com/engine/install/ 安装 Docker。
2023/12/23 22:30:54 [INFO] 启动主程序
2023/12/23 22:30:55 [ERROR] Docker 不在运行，请先启动 Docker! 
请参考 https://docs.docker.com/engine/install/ 安装 Docker。
2023/12/23 22:32:25 [INFO] 启动主程序
2023/12/23 22:32:25 [ERROR] Docker 不在运行，请先启动 Docker! 
请参考 https://docs.docker.com/engine/install/ 安装 Docker。
2023/12/23 22:33:11 [INFO] 启动主程序
2023/12/23 22:33:11 [ERROR] Docker 不在运行，请先启动 Docker! 
请参考 https://docs.docker.com/engine/install/ 安装 Docker。
2023/12/23 22:34:13 [INFO] 启动主程序
2023/12/23 22:34:13 [ERROR] Docker 不在运行，请先启动 Docker! 
请参考 https://docs.docker.com/engine/install/ 安装 Docker。
2023/12/23 22:35:04 [INFO] 启动主程序
2023/12/23 22:35:05 [ERROR] Docker 不在运行，请先启动 Docker! 
请参考 https://docs.docker.com/engine/install/ 安装 Docker。
2023/12/23 22:36:24 [INFO] 启动主程序
2023/12/23 22:36:24 [ERROR] Docker 不在运行，请先启动 Docker! 
请参考 https://docs.docker.com/engine/install/ 安装 Docker。
2023/12/23 22:36:36 [INFO] 启动主程序
2023/12/23 22:36:36 [ERROR] Docker 不在运行，请先启动 Docker! 
请参考 https://docs.docker.com/engine/install/ 安装 Docker。
2023/12/23 22:40:56 [INFO] 启动主程序
2023/12/23 22:40:56 [ERROR] Docker 不在运行，请先启动 Docker! 
请参考 https://docs.docker.com/engine/install/ 安装 Docker。
2023/12/23 22:41:31 [INFO] 启动主程序
2023/12/23 22:41:31 [ERROR] Docker 不在运行，请先启动 Docker! 
请参考 https://docs.docker.com/engine/install/ 安装 Docker。
2023/12/23 22:42:13 [INFO] 启动主程序
2023/12/23 22:42:13 [ERROR] Docker 不在运行，请先启动 Docker! 
请参考 https://docs.docker.com/engine/install/ 安装 Docker。
2023/12/23 22:42:26 [INFO] 启动主程序
2023/12/23 22:42:26 [ERROR] Docker 不在运行，请先启动 Docker! 
请参考 https://docs.docker.com/engine/install/ 安装 Docker。
2023/12/23 22:43:12 [INFO] 启动主程序
2023/12/23 22:43:12 [ERROR] Docker 不在运行，请先启动 Docker! 
请参考 https://docs.docker.com/engine/install/ 安装 Docker。
2023/12/23 22:43:19 [INFO] 启动主程序
2023/12/23 22:43:19 [ERROR] Docker 不在运行，请先启动 Docker! 
请参考 https://docs.docker.com/engine/install/ 安装 Docker。
2023/12/23 22:44:02 [INFO] 启动主程序
2023/12/23 22:44:02 [ERROR] Docker 不在运行，请先启动 Docker! 
请参考 https://docs.docker.com/engine/install/ 安装 Docker。
2023/12/23 22:45:17 [INFO] 启动主程序
2023/12/23 22:45:18 [ERROR] Docker 不在运行，请先启动 Docker! 
请参考 https://docs.docker.com/engine/install/ 安装 Docker。
2023/12/23 22:45:40 [INFO] 启动主程序
2023/12/23 22:45:40 [ERROR] Docker 不在运行，请先启动 Docker! 
请参考 https://docs.docker.com/engine/install/ 安装 Docker。
2023/12/23 22:46:59 [INFO] 启动主程序
2023/12/23 22:46:59 [ERROR] Docker 不在运行，请先启动 Docker! 
请参考 https://docs.docker.com/engine/install/ 安装 Docker。
2023/12/23 22:47:27 [INFO] 启动主程序
2023/12/23 22:47:27 [ERROR] Docker 不在运行，请先启动 Docker! 
请参考 https://docs.docker.com/engine/install/ 安装 Docker。
2023/12/23 22:48:56 [INFO] 启动主程序
2023/12/23 22:48:56 [ERROR] Docker 不在运行，请先启动 Docker! 
请参考 https://docs.docker.com/engine/install/ 安装 Docker。
2023/12/23 22:49:56 [INFO] 启动主程序
2023/12/23 22:49:56 [ERROR] Docker 不在运行，请先启动 Docker! 
请参考 https://docs.docker.com/engine/install/ 安装 Docker。
2023/12/23 22:50:33 [INFO] 启动主程序
2023/12/23 22:50:33 [ERROR] Docker 不在运行，请先启动 Docker! 
请参考 https://docs.docker.com/engine/install/ 安装 Docker。
2023/12/23 22:54:45 [INFO] 启动主程序
2023/12/23 22:54:45 [ERROR] Docker 不在运行，请先启动 Docker! 
请参考 https://docs.docker.com/engine/install/ 安装 Docker。
2023/12/23 22:56:40 [INFO] 启动主程序
2023/12/23 22:56:40 [ERROR] Docker 不在运行，请先启动 Docker! 
请参考 https://docs.docker.com/engine/install/ 安装 Docker。
2023/12/23 22:59:45 [INFO] 启动主程序
2023/12/23 22:59:45 [ERROR] Docker 不在运行，请先启动 Docker! 
请参考 https://docs.docker.com/engine/install/ 安装 Docker。
2023/12/23 23:00:35 [INFO] 启动主程序
2023/12/23 23:00:35 [ERROR] Docker 不在运行，请先启动 Docker! 
请参考 https://docs.docker.com/engine/install/ 安装 Docker。
2023/12/23 23:02:43 [INFO] 启动主程序
2023/12/23 23:02:43 [ERROR] Docker 不在运行，请先启动 Docker! 
请参考 https://docs.docker.com/engine/install/ 安装 Docker。
2023/12/23 23:02:50 [INFO] 启动主程序
2023/12/23 23:02:50 [ERROR] Docker 不在运行，请先启动 Docker! 
请参考 https://docs.docker.com/engine/install/ 安装 Docker。
2023/12/23 23:05:01 [INFO] 启动主程序
2023/12/23 23:05:01 [ERROR] Docker 不在运行，请先启动 Docker! 
请参考 https://docs.docker.com/engine/install/ 安装 Docker。
2023/12/23 23:05:24 [INFO] 启动主程序
2023/12/23 23:05:24 [ERROR] Docker 不在运行，请先启动 Docker! 
请参考 https://docs.docker.com/engine/install/ 安装 Docker。
2023/12/23 23:07:03 [INFO] 启动主程序
2023/12/23 23:07:03 [ERROR] Docker 不在运行，请先启动 Docker! 
请参考 https://docs.docker.com/engine/install/ 安装 Docker。
2023/12/23 23:07:20 [INFO] 启动主程序
2023/12/23 23:07:23 [INFO] Docker 版本:24.0.6
Docker Compose 版本:v2.21.0-desktop.1
2023/12/23 23:08:08 [INFO] 启动主程序
2023/12/23 23:08:09 [INFO] Docker 版本:24.0.6
Docker Compose 版本:v2.21.0-desktop.1
2023/12/23 23:08:34 [INFO] 启动主程序
2023/12/23 23:08:34 [INFO] Docker 版本:24.0.6
Docker Compose 版本:v2.21.0-desktop.1
2023/12/23 23:09:16 [INFO] 启动主程序
2023/12/23 23:09:17 [INFO] Docker 版本:24.0.6
Docker Compose 版本:v2.21.0-desktop.1
2023/12/23 23:09:46 [INFO] 启动主程序
2023/12/23 23:09:46 [INFO] Docker 版本:24.0.6
Docker Compose 版本:v2.21.0-desktop.1
2023/12/23 23:12:16 [INFO] 启动主程序
2023/12/23 23:12:16 [INFO] Docker 版本:24.0.6
Docker Compose 版本:v2.21.0-desktop.1
2023/12/23 23:12:49 [INFO] 启动主程序
2023/12/23 23:12:49 [INFO] Docker 版本:24.0.6
Docker Compose 版本:v2.21.0-desktop.1
2023/12/23 23:14:37 [INFO] 启动主程序
2023/12/23 23:14:37 [ERROR] Docker 不在运行，请先启动 Docker! 
请参考 https://docs.docker.com/engine/install/ 安装 Docker。
2023/12/23 23:15:13 [INFO] 启动主程序
2023/12/23 23:15:20 [INFO] Docker 版本:24.0.6
Docker Compose 版本:v2.21.0-desktop.1
